[
  {
    "level": "INFO",
    "message": "android.ndkVersion from module build.gradle is 21.0.6113669"
  },
  {
    "level": "INFO",
    "message": "ndk.dir in local.properties is not set"
  },
  {
    "level": "INFO",
    "message": "ANDROID_NDK_HOME environment variable is not set"
  },
  {
    "level": "INFO",
    "message": "sdkFolder is /root/Android/Sdk"
  },
  {
    "level": "INFO",
    "message": "Considering /root/Android/Sdk/ndk-bundle in SDK ndk-bundle folder"
  },
  {
    "level": "INFO",
    "message": "Considering /root/Android/Sdk/ndk/21.1.6210238 in SDK ndk folder"
  },
  {
    "level": "INFO",
    "message": "Rejected /root/Android/Sdk/ndk/21.1.6210238 in SDK ndk folder because that NDK had version 21.1.6210238 which didn\u0027t match the requested version 21.0.6113669"
  },
  {
    "level": "INFO",
    "message": "Rejected /root/Android/Sdk/ndk-bundle in SDK ndk-bundle folder because that NDK had version 21.1.6210238 which didn\u0027t match the requested version 21.0.6113669"
  },
  {
    "level": "ERROR",
    "message": "No version of NDK matched the requested version 21.0.6113669. Versions available locally: 21.1.6210238, 21.1.6210238"
  }
]