[
  {
    "level": "INFO",
    "message": "android.ndkVersion from module build.gradle is [21.1.6210238 rc1]"
  },
  {
    "level": "INFO",
    "message": "android.ndkPath from module build.gradle is not set"
  },
  {
    "level": "INFO",
    "message": "ndk.dir in local.properties is not set"
  },
  {
    "level": "INFO",
    "message": "Not considering ANDROID_NDK_HOME because support was removed after deprecation period."
  },
  {
    "level": "INFO",
    "message": "sdkFolder is /root/Android/Sdk"
  },
  {
    "level": "INFO",
    "message": "Folder /root/Android/Sdk/ndk/21.1.6210238 does not exist. Ignoring."
  },
  {
    "level": "INFO",
    "message": "Folder /root/Android/Sdk/ndk-bundle does not exist. Ignoring."
  },
  {
    "level": "INFO",
    "message": "No NDK was found. Trying to download it now."
  }
]