The target system is: Android - 1 - i686
The host system is: Linux - 5.9.0-kali5-amd64 - x86_64
Compiling the C compiler identification source file "CMakeCCompilerId.c" succeeded.
Compiler: /root/Android/Sdk/ndk/22.0.7026061/toolchains/llvm/prebuilt/linux-x86_64/bin/clang 
Build flags: -g;-DANDROID;-fdata-sections;-ffunction-sections;-funwind-tables;-fstack-protector-strong;-no-canonical-prefixes;-mstackrealign;-D_FORTIFY_SOURCE=2;-Wformat;-Werror=format-security;
Id flags:  

The output was:
0


Compilation of the C compiler identification source "CMakeCCompilerId.c" produced "a.out"

The C compiler identification is Clang, found in "/root/Hijacker/app/.cxx/cmake/debug/x86/CMakeFiles/3.18.1-g7d599d4/CompilerIdC/a.out"

Compiling the CXX compiler identification source file "CMakeCXXCompilerId.cpp" succeeded.
Compiler: /root/Android/Sdk/ndk/22.0.7026061/toolchains/llvm/prebuilt/linux-x86_64/bin/clang++ 
Build flags: -g;-DANDROID;-fdata-sections;-ffunction-sections;-funwind-tables;-fstack-protector-strong;-no-canonical-prefixes;-mstackrealign;-D_FORTIFY_SOURCE=2;-Wformat;-Werror=format-security;;
Id flags:  

The output was:
0


Compilation of the CXX compiler identification source "CMakeCXXCompilerId.cpp" produced "a.out"

The CXX compiler identification is Clang, found in "/root/Hijacker/app/.cxx/cmake/debug/x86/CMakeFiles/3.18.1-g7d599d4/CompilerIdCXX/a.out"

Detecting C compiler ABI info compiled with the following output:
Change Dir: /root/Hijacker/app/.cxx/cmake/debug/x86/CMakeFiles/CMakeTmp

Run Build Command(s):/root/Android/Sdk/cmake/3.18.1/bin/ninja cmTC_aa2d7 && [1/2] Building C object CMakeFiles/cmTC_aa2d7.dir/CMakeCCompilerABI.c.o
Android (6875598, based on r399163b) clang version 11.0.5 (https://android.googlesource.com/toolchain/llvm-project 87f1315dfbea7c137aa2e6d362dbb457e388158d)
Target: i686-none-linux-android21
Thread model: posix
InstalledDir: /root/Android/Sdk/ndk/22.0.7026061/toolchains/llvm/prebuilt/linux-x86_64/bin
Found candidate GCC installation: /root/Android/Sdk/ndk/22.0.7026061/toolchains/llvm/prebuilt/linux-x86_64/lib/gcc/i686-linux-android/4.9.x
Found candidate GCC installation: /root/Android/Sdk/ndk/22.0.7026061/toolchains/llvm/prebuilt/linux-x86_64/lib/gcc/x86_64-linux-android/4.9.x
Selected GCC installation: /root/Android/Sdk/ndk/22.0.7026061/toolchains/llvm/prebuilt/linux-x86_64/lib/gcc/i686-linux-android/4.9.x
Candidate multilib: .;@m32
Selected multilib: .;@m32
 (in-process)
 "/root/Android/Sdk/ndk/22.0.7026061/toolchains/llvm/prebuilt/linux-x86_64/bin/clang" -cc1 -triple i686-none-linux-android21 -emit-obj -mrelax-all -mnoexecstack -disable-free -disable-llvm-verifier -discard-value-names -main-file-name CMakeCCompilerABI.c -mrelocation-model pic -pic-level 2 -pic-is-pie -mframe-pointer=all -fno-rounding-math -mconstructor-aliases -munwind-tables -target-cpu i686 -target-feature +ssse3 -fno-split-dwarf-inlining -debug-info-kind=limited -dwarf-version=4 -debugger-tuning=gdb -v -ffunction-sections -fdata-sections -resource-dir /root/Android/Sdk/ndk/22.0.7026061/toolchains/llvm/prebuilt/linux-x86_64/lib64/clang/11.0.5 -dependency-file CMakeFiles/cmTC_aa2d7.dir/CMakeCCompilerABI.c.o.d -MT CMakeFiles/cmTC_aa2d7.dir/CMakeCCompilerABI.c.o -sys-header-deps -D ANDROID -D _FORTIFY_SOURCE=2 -isysroot /root/Android/Sdk/ndk/22.0.7026061/toolchains/llvm/prebuilt/linux-x86_64/sysroot -internal-isystem /root/Android/Sdk/ndk/22.0.7026061/toolchains/llvm/prebuilt/linux-x86_64/sysroot/usr/local/include -internal-isystem /root/Android/Sdk/ndk/22.0.7026061/toolchains/llvm/prebuilt/linux-x86_64/lib64/clang/11.0.5/include -internal-externc-isystem /root/Android/Sdk/ndk/22.0.7026061/toolchains/llvm/prebuilt/linux-x86_64/sysroot/usr/include/i686-linux-android -internal-externc-isystem /root/Android/Sdk/ndk/22.0.7026061/toolchains/llvm/prebuilt/linux-x86_64/sysroot/include -internal-externc-isystem /root/Android/Sdk/ndk/22.0.7026061/toolchains/llvm/prebuilt/linux-x86_64/sysroot/usr/include -Wformat -fdebug-compilation-dir /root/Hijacker/app/.cxx/cmake/debug/x86/CMakeFiles/CMakeTmp -ferror-limit 19 -stack-protector 2 -mstackrealign -fgnuc-version=4.2.1 -o CMakeFiles/cmTC_aa2d7.dir/CMakeCCompilerABI.c.o -x c /root/Android/Sdk/cmake/3.18.1/share/cmake-3.18/Modules/CMakeCCompilerABI.c
clang -cc1 version 11.0.5 based upon LLVM 11.0.5git default target x86_64-unknown-linux-gnu
ignoring nonexistent directory "/root/Android/Sdk/ndk/22.0.7026061/toolchains/llvm/prebuilt/linux-x86_64/sysroot/include"
#include "..." search starts here:
#include <...> search starts here:
 /root/Android/Sdk/ndk/22.0.7026061/toolchains/llvm/prebuilt/linux-x86_64/sysroot/usr/local/include
 /root/Android/Sdk/ndk/22.0.7026061/toolchains/llvm/prebuilt/linux-x86_64/lib64/clang/11.0.5/include
 /root/Android/Sdk/ndk/22.0.7026061/toolchains/llvm/prebuilt/linux-x86_64/sysroot/usr/include/i686-linux-android
 /root/Android/Sdk/ndk/22.0.7026061/toolchains/llvm/prebuilt/linux-x86_64/sysroot/usr/include
End of search list.
[2/2] Linking C executable cmTC_aa2d7
Android (6875598, based on r399163b) clang version 11.0.5 (https://android.googlesource.com/toolchain/llvm-project 87f1315dfbea7c137aa2e6d362dbb457e388158d)
Target: i686-none-linux-android21
Thread model: posix
InstalledDir: /root/Android/Sdk/ndk/22.0.7026061/toolchains/llvm/prebuilt/linux-x86_64/bin
Found candidate GCC installation: /root/Android/Sdk/ndk/22.0.7026061/toolchains/llvm/prebuilt/linux-x86_64/lib/gcc/i686-linux-android/4.9.x
Found candidate GCC installation: /root/Android/Sdk/ndk/22.0.7026061/toolchains/llvm/prebuilt/linux-x86_64/lib/gcc/x86_64-linux-android/4.9.x
Selected GCC installation: /root/Android/Sdk/ndk/22.0.7026061/toolchains/llvm/prebuilt/linux-x86_64/lib/gcc/i686-linux-android/4.9.x
Candidate multilib: .;@m32
Selected multilib: .;@m32
 "/root/Android/Sdk/ndk/22.0.7026061/toolchains/llvm/prebuilt/linux-x86_64/bin/ld" --sysroot=/root/Android/Sdk/ndk/22.0.7026061/toolchains/llvm/prebuilt/linux-x86_64/sysroot -pie -z noexecstack --warn-shared-textrel -z now -z relro --hash-style=both --enable-new-dtags --eh-frame-hdr -m elf_i386 -dynamic-linker /system/bin/linker -o cmTC_aa2d7 /root/Android/Sdk/ndk/22.0.7026061/toolchains/llvm/prebuilt/linux-x86_64/sysroot/usr/lib/i686-linux-android/21/crtbegin_dynamic.o -L/root/Android/Sdk/ndk/22.0.7026061/toolchains/llvm/prebuilt/linux-x86_64/lib64/clang/11.0.5/lib/linux/i386 -L/root/Android/Sdk/ndk/22.0.7026061/toolchains/llvm/prebuilt/linux-x86_64/lib/gcc/i686-linux-android/4.9.x -L/root/Android/Sdk/ndk/22.0.7026061/toolchains/llvm/prebuilt/linux-x86_64/sysroot/usr/lib/i686-linux-android/21 -L/root/Android/Sdk/ndk/22.0.7026061/toolchains/llvm/prebuilt/linux-x86_64/sysroot/usr/lib/i686-linux-android -L/root/Android/Sdk/ndk/22.0.7026061/toolchains/llvm/prebuilt/linux-x86_64/lib/gcc/i686-linux-android/4.9.x/../../../../i686-linux-android/lib -L/root/Android/Sdk/ndk/22.0.7026061/toolchains/llvm/prebuilt/linux-x86_64/sysroot/usr/lib --exclude-libs libgcc.a --exclude-libs libgcc_real.a --exclude-libs libatomic.a --build-id=sha1 --no-rosegment --fatal-warnings --no-undefined --gc-sections CMakeFiles/cmTC_aa2d7.dir/CMakeCCompilerABI.c.o -lgcc -ldl -lc -lgcc -ldl /root/Android/Sdk/ndk/22.0.7026061/toolchains/llvm/prebuilt/linux-x86_64/sysroot/usr/lib/i686-linux-android/21/crtend_android.o



Parsed C implicit include dir info from above output: rv=done
  found start of include info
  found start of implicit include info
    add: [/root/Android/Sdk/ndk/22.0.7026061/toolchains/llvm/prebuilt/linux-x86_64/sysroot/usr/local/include]
    add: [/root/Android/Sdk/ndk/22.0.7026061/toolchains/llvm/prebuilt/linux-x86_64/lib64/clang/11.0.5/include]
    add: [/root/Android/Sdk/ndk/22.0.7026061/toolchains/llvm/prebuilt/linux-x86_64/sysroot/usr/include/i686-linux-android]
    add: [/root/Android/Sdk/ndk/22.0.7026061/toolchains/llvm/prebuilt/linux-x86_64/sysroot/usr/include]
  end of search list found
  collapse include dir [/root/Android/Sdk/ndk/22.0.7026061/toolchains/llvm/prebuilt/linux-x86_64/sysroot/usr/local/include] ==> [/root/Android/Sdk/ndk/22.0.7026061/toolchains/llvm/prebuilt/linux-x86_64/sysroot/usr/local/include]
  collapse include dir [/root/Android/Sdk/ndk/22.0.7026061/toolchains/llvm/prebuilt/linux-x86_64/lib64/clang/11.0.5/include] ==> [/root/Android/Sdk/ndk/22.0.7026061/toolchains/llvm/prebuilt/linux-x86_64/lib64/clang/11.0.5/include]
  collapse include dir [/root/Android/Sdk/ndk/22.0.7026061/toolchains/llvm/prebuilt/linux-x86_64/sysroot/usr/include/i686-linux-android] ==> [/root/Android/Sdk/ndk/22.0.7026061/toolchains/llvm/prebuilt/linux-x86_64/sysroot/usr/include/i686-linux-android]
  collapse include dir [/root/Android/Sdk/ndk/22.0.7026061/toolchains/llvm/prebuilt/linux-x86_64/sysroot/usr/include] ==> [/root/Android/Sdk/ndk/22.0.7026061/toolchains/llvm/prebuilt/linux-x86_64/sysroot/usr/include]
  implicit include dirs: [/root/Android/Sdk/ndk/22.0.7026061/toolchains/llvm/prebuilt/linux-x86_64/sysroot/usr/local/include;/root/Android/Sdk/ndk/22.0.7026061/toolchains/llvm/prebuilt/linux-x86_64/lib64/clang/11.0.5/include;/root/Android/Sdk/ndk/22.0.7026061/toolchains/llvm/prebuilt/linux-x86_64/sysroot/usr/include/i686-linux-android;/root/Android/Sdk/ndk/22.0.7026061/toolchains/llvm/prebuilt/linux-x86_64/sysroot/usr/include]


Parsed C implicit link information from above output:
  link line regex: [^( *|.*[/\])(ld\.lld|CMAKE_LINK_STARTFILE-NOTFOUND|([^/\]+-)?ld|collect2)[^/\]*( |$)]
  ignore line: [Change Dir: /root/Hijacker/app/.cxx/cmake/debug/x86/CMakeFiles/CMakeTmp]
  ignore line: []
  ignore line: [Run Build Command(s):/root/Android/Sdk/cmake/3.18.1/bin/ninja cmTC_aa2d7 && [1/2] Building C object CMakeFiles/cmTC_aa2d7.dir/CMakeCCompilerABI.c.o]
  ignore line: [Android (6875598  based on r399163b) clang version 11.0.5 (https://android.googlesource.com/toolchain/llvm-project 87f1315dfbea7c137aa2e6d362dbb457e388158d)]
  ignore line: [Target: i686-none-linux-android21]
  ignore line: [Thread model: posix]
  ignore line: [InstalledDir: /root/Android/Sdk/ndk/22.0.7026061/toolchains/llvm/prebuilt/linux-x86_64/bin]
  ignore line: [Found candidate GCC installation: /root/Android/Sdk/ndk/22.0.7026061/toolchains/llvm/prebuilt/linux-x86_64/lib/gcc/i686-linux-android/4.9.x]
  ignore line: [Found candidate GCC installation: /root/Android/Sdk/ndk/22.0.7026061/toolchains/llvm/prebuilt/linux-x86_64/lib/gcc/x86_64-linux-android/4.9.x]
  ignore line: [Selected GCC installation: /root/Android/Sdk/ndk/22.0.7026061/toolchains/llvm/prebuilt/linux-x86_64/lib/gcc/i686-linux-android/4.9.x]
  ignore line: [Candidate multilib: .]
  ignore line: [@m32]
  ignore line: [Selected multilib: .]
  ignore line: [@m32]
  ignore line: [ (in-process)]
  ignore line: [ "/root/Android/Sdk/ndk/22.0.7026061/toolchains/llvm/prebuilt/linux-x86_64/bin/clang" -cc1 -triple i686-none-linux-android21 -emit-obj -mrelax-all -mnoexecstack -disable-free -disable-llvm-verifier -discard-value-names -main-file-name CMakeCCompilerABI.c -mrelocation-model pic -pic-level 2 -pic-is-pie -mframe-pointer=all -fno-rounding-math -mconstructor-aliases -munwind-tables -target-cpu i686 -target-feature +ssse3 -fno-split-dwarf-inlining -debug-info-kind=limited -dwarf-version=4 -debugger-tuning=gdb -v -ffunction-sections -fdata-sections -resource-dir /root/Android/Sdk/ndk/22.0.7026061/toolchains/llvm/prebuilt/linux-x86_64/lib64/clang/11.0.5 -dependency-file CMakeFiles/cmTC_aa2d7.dir/CMakeCCompilerABI.c.o.d -MT CMakeFiles/cmTC_aa2d7.dir/CMakeCCompilerABI.c.o -sys-header-deps -D ANDROID -D _FORTIFY_SOURCE=2 -isysroot /root/Android/Sdk/ndk/22.0.7026061/toolchains/llvm/prebuilt/linux-x86_64/sysroot -internal-isystem /root/Android/Sdk/ndk/22.0.7026061/toolchains/llvm/prebuilt/linux-x86_64/sysroot/usr/local/include -internal-isystem /root/Android/Sdk/ndk/22.0.7026061/toolchains/llvm/prebuilt/linux-x86_64/lib64/clang/11.0.5/include -internal-externc-isystem /root/Android/Sdk/ndk/22.0.7026061/toolchains/llvm/prebuilt/linux-x86_64/sysroot/usr/include/i686-linux-android -internal-externc-isystem /root/Android/Sdk/ndk/22.0.7026061/toolchains/llvm/prebuilt/linux-x86_64/sysroot/include -internal-externc-isystem /root/Android/Sdk/ndk/22.0.7026061/toolchains/llvm/prebuilt/linux-x86_64/sysroot/usr/include -Wformat -fdebug-compilation-dir /root/Hijacker/app/.cxx/cmake/debug/x86/CMakeFiles/CMakeTmp -ferror-limit 19 -stack-protector 2 -mstackrealign -fgnuc-version=4.2.1 -o CMakeFiles/cmTC_aa2d7.dir/CMakeCCompilerABI.c.o -x c /root/Android/Sdk/cmake/3.18.1/share/cmake-3.18/Modules/CMakeCCompilerABI.c]
  ignore line: [clang -cc1 version 11.0.5 based upon LLVM 11.0.5git default target x86_64-unknown-linux-gnu]
  ignore line: [ignoring nonexistent directory "/root/Android/Sdk/ndk/22.0.7026061/toolchains/llvm/prebuilt/linux-x86_64/sysroot/include"]
  ignore line: [#include "..." search starts here:]
  ignore line: [#include <...> search starts here:]
  ignore line: [ /root/Android/Sdk/ndk/22.0.7026061/toolchains/llvm/prebuilt/linux-x86_64/sysroot/usr/local/include]
  ignore line: [ /root/Android/Sdk/ndk/22.0.7026061/toolchains/llvm/prebuilt/linux-x86_64/lib64/clang/11.0.5/include]
  ignore line: [ /root/Android/Sdk/ndk/22.0.7026061/toolchains/llvm/prebuilt/linux-x86_64/sysroot/usr/include/i686-linux-android]
  ignore line: [ /root/Android/Sdk/ndk/22.0.7026061/toolchains/llvm/prebuilt/linux-x86_64/sysroot/usr/include]
  ignore line: [End of search list.]
  ignore line: [[2/2] Linking C executable cmTC_aa2d7]
  ignore line: [Android (6875598  based on r399163b) clang version 11.0.5 (https://android.googlesource.com/toolchain/llvm-project 87f1315dfbea7c137aa2e6d362dbb457e388158d)]
  ignore line: [Target: i686-none-linux-android21]
  ignore line: [Thread model: posix]
  ignore line: [InstalledDir: /root/Android/Sdk/ndk/22.0.7026061/toolchains/llvm/prebuilt/linux-x86_64/bin]
  ignore line: [Found candidate GCC installation: /root/Android/Sdk/ndk/22.0.7026061/toolchains/llvm/prebuilt/linux-x86_64/lib/gcc/i686-linux-android/4.9.x]
  ignore line: [Found candidate GCC installation: /root/Android/Sdk/ndk/22.0.7026061/toolchains/llvm/prebuilt/linux-x86_64/lib/gcc/x86_64-linux-android/4.9.x]
  ignore line: [Selected GCC installation: /root/Android/Sdk/ndk/22.0.7026061/toolchains/llvm/prebuilt/linux-x86_64/lib/gcc/i686-linux-android/4.9.x]
  ignore line: [Candidate multilib: .]
  ignore line: [@m32]
  ignore line: [Selected multilib: .]
  ignore line: [@m32]
  link line: [ "/root/Android/Sdk/ndk/22.0.7026061/toolchains/llvm/prebuilt/linux-x86_64/bin/ld" --sysroot=/root/Android/Sdk/ndk/22.0.7026061/toolchains/llvm/prebuilt/linux-x86_64/sysroot -pie -z noexecstack --warn-shared-textrel -z now -z relro --hash-style=both --enable-new-dtags --eh-frame-hdr -m elf_i386 -dynamic-linker /system/bin/linker -o cmTC_aa2d7 /root/Android/Sdk/ndk/22.0.7026061/toolchains/llvm/prebuilt/linux-x86_64/sysroot/usr/lib/i686-linux-android/21/crtbegin_dynamic.o -L/root/Android/Sdk/ndk/22.0.7026061/toolchains/llvm/prebuilt/linux-x86_64/lib64/clang/11.0.5/lib/linux/i386 -L/root/Android/Sdk/ndk/22.0.7026061/toolchains/llvm/prebuilt/linux-x86_64/lib/gcc/i686-linux-android/4.9.x -L/root/Android/Sdk/ndk/22.0.7026061/toolchains/llvm/prebuilt/linux-x86_64/sysroot/usr/lib/i686-linux-android/21 -L/root/Android/Sdk/ndk/22.0.7026061/toolchains/llvm/prebuilt/linux-x86_64/sysroot/usr/lib/i686-linux-android -L/root/Android/Sdk/ndk/22.0.7026061/toolchains/llvm/prebuilt/linux-x86_64/lib/gcc/i686-linux-android/4.9.x/../../../../i686-linux-android/lib -L/root/Android/Sdk/ndk/22.0.7026061/toolchains/llvm/prebuilt/linux-x86_64/sysroot/usr/lib --exclude-libs libgcc.a --exclude-libs libgcc_real.a --exclude-libs libatomic.a --build-id=sha1 --no-rosegment --fatal-warnings --no-undefined --gc-sections CMakeFiles/cmTC_aa2d7.dir/CMakeCCompilerABI.c.o -lgcc -ldl -lc -lgcc -ldl /root/Android/Sdk/ndk/22.0.7026061/toolchains/llvm/prebuilt/linux-x86_64/sysroot/usr/lib/i686-linux-android/21/crtend_android.o]
    arg [/root/Android/Sdk/ndk/22.0.7026061/toolchains/llvm/prebuilt/linux-x86_64/bin/ld] ==> ignore
    arg [--sysroot=/root/Android/Sdk/ndk/22.0.7026061/toolchains/llvm/prebuilt/linux-x86_64/sysroot] ==> ignore
    arg [-pie] ==> ignore
    arg [-znoexecstack] ==> ignore
    arg [--warn-shared-textrel] ==> ignore
    arg [-znow] ==> ignore
    arg [-zrelro] ==> ignore
    arg [--hash-style=both] ==> ignore
    arg [--enable-new-dtags] ==> ignore
    arg [--eh-frame-hdr] ==> ignore
    arg [-m] ==> ignore
    arg [elf_i386] ==> ignore
    arg [-dynamic-linker] ==> ignore
    arg [/system/bin/linker] ==> ignore
    arg [-o] ==> ignore
    arg [cmTC_aa2d7] ==> ignore
    arg [/root/Android/Sdk/ndk/22.0.7026061/toolchains/llvm/prebuilt/linux-x86_64/sysroot/usr/lib/i686-linux-android/21/crtbegin_dynamic.o] ==> ignore
    arg [-L/root/Android/Sdk/ndk/22.0.7026061/toolchains/llvm/prebuilt/linux-x86_64/lib64/clang/11.0.5/lib/linux/i386] ==> dir [/root/Android/Sdk/ndk/22.0.7026061/toolchains/llvm/prebuilt/linux-x86_64/lib64/clang/11.0.5/lib/linux/i386]
    arg [-L/root/Android/Sdk/ndk/22.0.7026061/toolchains/llvm/prebuilt/linux-x86_64/lib/gcc/i686-linux-android/4.9.x] ==> dir [/root/Android/Sdk/ndk/22.0.7026061/toolchains/llvm/prebuilt/linux-x86_64/lib/gcc/i686-linux-android/4.9.x]
    arg [-L/root/Android/Sdk/ndk/22.0.7026061/toolchains/llvm/prebuilt/linux-x86_64/sysroot/usr/lib/i686-linux-android/21] ==> dir [/root/Android/Sdk/ndk/22.0.7026061/toolchains/llvm/prebuilt/linux-x86_64/sysroot/usr/lib/i686-linux-android/21]
    arg [-L/root/Android/Sdk/ndk/22.0.7026061/toolchains/llvm/prebuilt/linux-x86_64/sysroot/usr/lib/i686-linux-android] ==> dir [/root/Android/Sdk/ndk/22.0.7026061/toolchains/llvm/prebuilt/linux-x86_64/sysroot/usr/lib/i686-linux-android]
    arg [-L/root/Android/Sdk/ndk/22.0.7026061/toolchains/llvm/prebuilt/linux-x86_64/lib/gcc/i686-linux-android/4.9.x/../../../../i686-linux-android/lib] ==> dir [/root/Android/Sdk/ndk/22.0.7026061/toolchains/llvm/prebuilt/linux-x86_64/lib/gcc/i686-linux-android/4.9.x/../../../../i686-linux-android/lib]
    arg [-L/root/Android/Sdk/ndk/22.0.7026061/toolchains/llvm/prebuilt/linux-x86_64/sysroot/usr/lib] ==> dir [/root/Android/Sdk/ndk/22.0.7026061/toolchains/llvm/prebuilt/linux-x86_64/sysroot/usr/lib]
    arg [--exclude-libs] ==> ignore
    arg [libgcc.a] ==> ignore
    arg [--exclude-libs] ==> ignore
    arg [libgcc_real.a] ==> ignore
    arg [--exclude-libs] ==> ignore
    arg [libatomic.a] ==> ignore
    arg [--build-id=sha1] ==> ignore
    arg [--no-rosegment] ==> ignore
    arg [--fatal-warnings] ==> ignore
    arg [--no-undefined] ==> ignore
    arg [--gc-sections] ==> ignore
    arg [CMakeFiles/cmTC_aa2d7.dir/CMakeCCompilerABI.c.o] ==> ignore
    arg [-lgcc] ==> lib [gcc]
    arg [-ldl] ==> lib [dl]
    arg [-lc] ==> lib [c]
    arg [-lgcc] ==> lib [gcc]
    arg [-ldl] ==> lib [dl]
    arg [/root/Android/Sdk/ndk/22.0.7026061/toolchains/llvm/prebuilt/linux-x86_64/sysroot/usr/lib/i686-linux-android/21/crtend_android.o] ==> ignore
  collapse library dir [/root/Android/Sdk/ndk/22.0.7026061/toolchains/llvm/prebuilt/linux-x86_64/lib64/clang/11.0.5/lib/linux/i386] ==> [/root/Android/Sdk/ndk/22.0.7026061/toolchains/llvm/prebuilt/linux-x86_64/lib64/clang/11.0.5/lib/linux/i386]
  collapse library dir [/root/Android/Sdk/ndk/22.0.7026061/toolchains/llvm/prebuilt/linux-x86_64/lib/gcc/i686-linux-android/4.9.x] ==> [/root/Android/Sdk/ndk/22.0.7026061/toolchains/llvm/prebuilt/linux-x86_64/lib/gcc/i686-linux-android/4.9.x]
  collapse library dir [/root/Android/Sdk/ndk/22.0.7026061/toolchains/llvm/prebuilt/linux-x86_64/sysroot/usr/lib/i686-linux-android/21] ==> [/root/Android/Sdk/ndk/22.0.7026061/toolchains/llvm/prebuilt/linux-x86_64/sysroot/usr/lib/i686-linux-android/21]
  collapse library dir [/root/Android/Sdk/ndk/22.0.7026061/toolchains/llvm/prebuilt/linux-x86_64/sysroot/usr/lib/i686-linux-android] ==> [/root/Android/Sdk/ndk/22.0.7026061/toolchains/llvm/prebuilt/linux-x86_64/sysroot/usr/lib/i686-linux-android]
  collapse library dir [/root/Android/Sdk/ndk/22.0.7026061/toolchains/llvm/prebuilt/linux-x86_64/lib/gcc/i686-linux-android/4.9.x/../../../../i686-linux-android/lib] ==> [/root/Android/Sdk/ndk/22.0.7026061/toolchains/llvm/prebuilt/linux-x86_64/i686-linux-android/lib]
  collapse library dir [/root/Android/Sdk/ndk/22.0.7026061/toolchains/llvm/prebuilt/linux-x86_64/sysroot/usr/lib] ==> [/root/Android/Sdk/ndk/22.0.7026061/toolchains/llvm/prebuilt/linux-x86_64/sysroot/usr/lib]
  implicit libs: [gcc;dl;c;gcc;dl]
  implicit dirs: [/root/Android/Sdk/ndk/22.0.7026061/toolchains/llvm/prebuilt/linux-x86_64/lib64/clang/11.0.5/lib/linux/i386;/root/Android/Sdk/ndk/22.0.7026061/toolchains/llvm/prebuilt/linux-x86_64/lib/gcc/i686-linux-android/4.9.x;/root/Android/Sdk/ndk/22.0.7026061/toolchains/llvm/prebuilt/linux-x86_64/sysroot/usr/lib/i686-linux-android/21;/root/Android/Sdk/ndk/22.0.7026061/toolchains/llvm/prebuilt/linux-x86_64/sysroot/usr/lib/i686-linux-android;/root/Android/Sdk/ndk/22.0.7026061/toolchains/llvm/prebuilt/linux-x86_64/i686-linux-android/lib;/root/Android/Sdk/ndk/22.0.7026061/toolchains/llvm/prebuilt/linux-x86_64/sysroot/usr/lib]
  implicit fwks: []


Detecting CXX compiler ABI info compiled with the following output:
Change Dir: /root/Hijacker/app/.cxx/cmake/debug/x86/CMakeFiles/CMakeTmp

Run Build Command(s):/root/Android/Sdk/cmake/3.18.1/bin/ninja cmTC_eff69 && [1/2] Building CXX object CMakeFiles/cmTC_eff69.dir/CMakeCXXCompilerABI.cpp.o
Android (6875598, based on r399163b) clang version 11.0.5 (https://android.googlesource.com/toolchain/llvm-project 87f1315dfbea7c137aa2e6d362dbb457e388158d)
Target: i686-none-linux-android21
Thread model: posix
InstalledDir: /root/Android/Sdk/ndk/22.0.7026061/toolchains/llvm/prebuilt/linux-x86_64/bin
Found candidate GCC installation: /root/Android/Sdk/ndk/22.0.7026061/toolchains/llvm/prebuilt/linux-x86_64/lib/gcc/i686-linux-android/4.9.x
Found candidate GCC installation: /root/Android/Sdk/ndk/22.0.7026061/toolchains/llvm/prebuilt/linux-x86_64/lib/gcc/x86_64-linux-android/4.9.x
Selected GCC installation: /root/Android/Sdk/ndk/22.0.7026061/toolchains/llvm/prebuilt/linux-x86_64/lib/gcc/i686-linux-android/4.9.x
Candidate multilib: .;@m32
Selected multilib: .;@m32
 (in-process)
 "/root/Android/Sdk/ndk/22.0.7026061/toolchains/llvm/prebuilt/linux-x86_64/bin/clang++" -cc1 -triple i686-none-linux-android21 -emit-obj -mrelax-all -mnoexecstack -disable-free -disable-llvm-verifier -discard-value-names -main-file-name CMakeCXXCompilerABI.cpp -mrelocation-model pic -pic-level 2 -pic-is-pie -mframe-pointer=all -fno-rounding-math -mconstructor-aliases -munwind-tables -target-cpu i686 -target-feature +ssse3 -fno-split-dwarf-inlining -debug-info-kind=limited -dwarf-version=4 -debugger-tuning=gdb -v -ffunction-sections -fdata-sections -resource-dir /root/Android/Sdk/ndk/22.0.7026061/toolchains/llvm/prebuilt/linux-x86_64/lib64/clang/11.0.5 -dependency-file CMakeFiles/cmTC_eff69.dir/CMakeCXXCompilerABI.cpp.o.d -MT CMakeFiles/cmTC_eff69.dir/CMakeCXXCompilerABI.cpp.o -sys-header-deps -D ANDROID -D _FORTIFY_SOURCE=2 -isysroot /root/Android/Sdk/ndk/22.0.7026061/toolchains/llvm/prebuilt/linux-x86_64/sysroot -internal-isystem /root/Android/Sdk/ndk/22.0.7026061/toolchains/llvm/prebuilt/linux-x86_64/sysroot/usr/include/c++/v1 -internal-isystem /root/Android/Sdk/ndk/22.0.7026061/toolchains/llvm/prebuilt/linux-x86_64/sysroot/usr/local/include -internal-isystem /root/Android/Sdk/ndk/22.0.7026061/toolchains/llvm/prebuilt/linux-x86_64/lib64/clang/11.0.5/include -internal-externc-isystem /root/Android/Sdk/ndk/22.0.7026061/toolchains/llvm/prebuilt/linux-x86_64/sysroot/usr/include/i686-linux-android -internal-externc-isystem /root/Android/Sdk/ndk/22.0.7026061/toolchains/llvm/prebuilt/linux-x86_64/sysroot/include -internal-externc-isystem /root/Android/Sdk/ndk/22.0.7026061/toolchains/llvm/prebuilt/linux-x86_64/sysroot/usr/include -Wformat -fdeprecated-macro -fdebug-compilation-dir /root/Hijacker/app/.cxx/cmake/debug/x86/CMakeFiles/CMakeTmp -ferror-limit 19 -stack-protector 2 -mstackrealign -fgnuc-version=4.2.1 -fcxx-exceptions -fexceptions -o CMakeFiles/cmTC_eff69.dir/CMakeCXXCompilerABI.cpp.o -x c++ /root/Android/Sdk/cmake/3.18.1/share/cmake-3.18/Modules/CMakeCXXCompilerABI.cpp
clang -cc1 version 11.0.5 based upon LLVM 11.0.5git default target x86_64-unknown-linux-gnu
ignoring nonexistent directory "/root/Android/Sdk/ndk/22.0.7026061/toolchains/llvm/prebuilt/linux-x86_64/sysroot/include"
#include "..." search starts here:
#include <...> search starts here:
 /root/Android/Sdk/ndk/22.0.7026061/toolchains/llvm/prebuilt/linux-x86_64/sysroot/usr/include/c++/v1
 /root/Android/Sdk/ndk/22.0.7026061/toolchains/llvm/prebuilt/linux-x86_64/sysroot/usr/local/include
 /root/Android/Sdk/ndk/22.0.7026061/toolchains/llvm/prebuilt/linux-x86_64/lib64/clang/11.0.5/include
 /root/Android/Sdk/ndk/22.0.7026061/toolchains/llvm/prebuilt/linux-x86_64/sysroot/usr/include/i686-linux-android
 /root/Android/Sdk/ndk/22.0.7026061/toolchains/llvm/prebuilt/linux-x86_64/sysroot/usr/include
End of search list.
[2/2] Linking CXX executable cmTC_eff69
Android (6875598, based on r399163b) clang version 11.0.5 (https://android.googlesource.com/toolchain/llvm-project 87f1315dfbea7c137aa2e6d362dbb457e388158d)
Target: i686-none-linux-android21
Thread model: posix
InstalledDir: /root/Android/Sdk/ndk/22.0.7026061/toolchains/llvm/prebuilt/linux-x86_64/bin
Found candidate GCC installation: /root/Android/Sdk/ndk/22.0.7026061/toolchains/llvm/prebuilt/linux-x86_64/lib/gcc/i686-linux-android/4.9.x
Found candidate GCC installation: /root/Android/Sdk/ndk/22.0.7026061/toolchains/llvm/prebuilt/linux-x86_64/lib/gcc/x86_64-linux-android/4.9.x
Selected GCC installation: /root/Android/Sdk/ndk/22.0.7026061/toolchains/llvm/prebuilt/linux-x86_64/lib/gcc/i686-linux-android/4.9.x
Candidate multilib: .;@m32
Selected multilib: .;@m32
 "/root/Android/Sdk/ndk/22.0.7026061/toolchains/llvm/prebuilt/linux-x86_64/bin/ld" --sysroot=/root/Android/Sdk/ndk/22.0.7026061/toolchains/llvm/prebuilt/linux-x86_64/sysroot -pie -z noexecstack --warn-shared-textrel -z now -z relro --hash-style=both --enable-new-dtags --eh-frame-hdr -m elf_i386 -dynamic-linker /system/bin/linker -o cmTC_eff69 /root/Android/Sdk/ndk/22.0.7026061/toolchains/llvm/prebuilt/linux-x86_64/sysroot/usr/lib/i686-linux-android/21/crtbegin_dynamic.o -L/root/Android/Sdk/ndk/22.0.7026061/toolchains/llvm/prebuilt/linux-x86_64/lib64/clang/11.0.5/lib/linux/i386 -L/root/Android/Sdk/ndk/22.0.7026061/toolchains/llvm/prebuilt/linux-x86_64/lib/gcc/i686-linux-android/4.9.x -L/root/Android/Sdk/ndk/22.0.7026061/toolchains/llvm/prebuilt/linux-x86_64/sysroot/usr/lib/i686-linux-android/21 -L/root/Android/Sdk/ndk/22.0.7026061/toolchains/llvm/prebuilt/linux-x86_64/sysroot/usr/lib/i686-linux-android -L/root/Android/Sdk/ndk/22.0.7026061/toolchains/llvm/prebuilt/linux-x86_64/lib/gcc/i686-linux-android/4.9.x/../../../../i686-linux-android/lib -L/root/Android/Sdk/ndk/22.0.7026061/toolchains/llvm/prebuilt/linux-x86_64/sysroot/usr/lib --exclude-libs libgcc.a --exclude-libs libgcc_real.a --exclude-libs libatomic.a --build-id=sha1 --no-rosegment --fatal-warnings --no-undefined --gc-sections CMakeFiles/cmTC_eff69.dir/CMakeCXXCompilerABI.cpp.o -Bstatic -lc++ -Bdynamic -lm -lgcc -ldl -lc -lgcc -ldl /root/Android/Sdk/ndk/22.0.7026061/toolchains/llvm/prebuilt/linux-x86_64/sysroot/usr/lib/i686-linux-android/21/crtend_android.o



Parsed CXX implicit include dir info from above output: rv=done
  found start of include info
  found start of implicit include info
    add: [/root/Android/Sdk/ndk/22.0.7026061/toolchains/llvm/prebuilt/linux-x86_64/sysroot/usr/include/c++/v1]
    add: [/root/Android/Sdk/ndk/22.0.7026061/toolchains/llvm/prebuilt/linux-x86_64/sysroot/usr/local/include]
    add: [/root/Android/Sdk/ndk/22.0.7026061/toolchains/llvm/prebuilt/linux-x86_64/lib64/clang/11.0.5/include]
    add: [/root/Android/Sdk/ndk/22.0.7026061/toolchains/llvm/prebuilt/linux-x86_64/sysroot/usr/include/i686-linux-android]
    add: [/root/Android/Sdk/ndk/22.0.7026061/toolchains/llvm/prebuilt/linux-x86_64/sysroot/usr/include]
  end of search list found
  collapse include dir [/root/Android/Sdk/ndk/22.0.7026061/toolchains/llvm/prebuilt/linux-x86_64/sysroot/usr/include/c++/v1] ==> [/root/Android/Sdk/ndk/22.0.7026061/toolchains/llvm/prebuilt/linux-x86_64/sysroot/usr/include/c++/v1]
  collapse include dir [/root/Android/Sdk/ndk/22.0.7026061/toolchains/llvm/prebuilt/linux-x86_64/sysroot/usr/local/include] ==> [/root/Android/Sdk/ndk/22.0.7026061/toolchains/llvm/prebuilt/linux-x86_64/sysroot/usr/local/include]
  collapse include dir [/root/Android/Sdk/ndk/22.0.7026061/toolchains/llvm/prebuilt/linux-x86_64/lib64/clang/11.0.5/include] ==> [/root/Android/Sdk/ndk/22.0.7026061/toolchains/llvm/prebuilt/linux-x86_64/lib64/clang/11.0.5/include]
  collapse include dir [/root/Android/Sdk/ndk/22.0.7026061/toolchains/llvm/prebuilt/linux-x86_64/sysroot/usr/include/i686-linux-android] ==> [/root/Android/Sdk/ndk/22.0.7026061/toolchains/llvm/prebuilt/linux-x86_64/sysroot/usr/include/i686-linux-android]
  collapse include dir [/root/Android/Sdk/ndk/22.0.7026061/toolchains/llvm/prebuilt/linux-x86_64/sysroot/usr/include] ==> [/root/Android/Sdk/ndk/22.0.7026061/toolchains/llvm/prebuilt/linux-x86_64/sysroot/usr/include]
  implicit include dirs: [/root/Android/Sdk/ndk/22.0.7026061/toolchains/llvm/prebuilt/linux-x86_64/sysroot/usr/include/c++/v1;/root/Android/Sdk/ndk/22.0.7026061/toolchains/llvm/prebuilt/linux-x86_64/sysroot/usr/local/include;/root/Android/Sdk/ndk/22.0.7026061/toolchains/llvm/prebuilt/linux-x86_64/lib64/clang/11.0.5/include;/root/Android/Sdk/ndk/22.0.7026061/toolchains/llvm/prebuilt/linux-x86_64/sysroot/usr/include/i686-linux-android;/root/Android/Sdk/ndk/22.0.7026061/toolchains/llvm/prebuilt/linux-x86_64/sysroot/usr/include]


Parsed CXX implicit link information from above output:
  link line regex: [^( *|.*[/\])(ld\.lld|CMAKE_LINK_STARTFILE-NOTFOUND|([^/\]+-)?ld|collect2)[^/\]*( |$)]
  ignore line: [Change Dir: /root/Hijacker/app/.cxx/cmake/debug/x86/CMakeFiles/CMakeTmp]
  ignore line: []
  ignore line: [Run Build Command(s):/root/Android/Sdk/cmake/3.18.1/bin/ninja cmTC_eff69 && [1/2] Building CXX object CMakeFiles/cmTC_eff69.dir/CMakeCXXCompilerABI.cpp.o]
  ignore line: [Android (6875598  based on r399163b) clang version 11.0.5 (https://android.googlesource.com/toolchain/llvm-project 87f1315dfbea7c137aa2e6d362dbb457e388158d)]
  ignore line: [Target: i686-none-linux-android21]
  ignore line: [Thread model: posix]
  ignore line: [InstalledDir: /root/Android/Sdk/ndk/22.0.7026061/toolchains/llvm/prebuilt/linux-x86_64/bin]
  ignore line: [Found candidate GCC installation: /root/Android/Sdk/ndk/22.0.7026061/toolchains/llvm/prebuilt/linux-x86_64/lib/gcc/i686-linux-android/4.9.x]
  ignore line: [Found candidate GCC installation: /root/Android/Sdk/ndk/22.0.7026061/toolchains/llvm/prebuilt/linux-x86_64/lib/gcc/x86_64-linux-android/4.9.x]
  ignore line: [Selected GCC installation: /root/Android/Sdk/ndk/22.0.7026061/toolchains/llvm/prebuilt/linux-x86_64/lib/gcc/i686-linux-android/4.9.x]
  ignore line: [Candidate multilib: .]
  ignore line: [@m32]
  ignore line: [Selected multilib: .]
  ignore line: [@m32]
  ignore line: [ (in-process)]
  ignore line: [ "/root/Android/Sdk/ndk/22.0.7026061/toolchains/llvm/prebuilt/linux-x86_64/bin/clang++" -cc1 -triple i686-none-linux-android21 -emit-obj -mrelax-all -mnoexecstack -disable-free -disable-llvm-verifier -discard-value-names -main-file-name CMakeCXXCompilerABI.cpp -mrelocation-model pic -pic-level 2 -pic-is-pie -mframe-pointer=all -fno-rounding-math -mconstructor-aliases -munwind-tables -target-cpu i686 -target-feature +ssse3 -fno-split-dwarf-inlining -debug-info-kind=limited -dwarf-version=4 -debugger-tuning=gdb -v -ffunction-sections -fdata-sections -resource-dir /root/Android/Sdk/ndk/22.0.7026061/toolchains/llvm/prebuilt/linux-x86_64/lib64/clang/11.0.5 -dependency-file CMakeFiles/cmTC_eff69.dir/CMakeCXXCompilerABI.cpp.o.d -MT CMakeFiles/cmTC_eff69.dir/CMakeCXXCompilerABI.cpp.o -sys-header-deps -D ANDROID -D _FORTIFY_SOURCE=2 -isysroot /root/Android/Sdk/ndk/22.0.7026061/toolchains/llvm/prebuilt/linux-x86_64/sysroot -internal-isystem /root/Android/Sdk/ndk/22.0.7026061/toolchains/llvm/prebuilt/linux-x86_64/sysroot/usr/include/c++/v1 -internal-isystem /root/Android/Sdk/ndk/22.0.7026061/toolchains/llvm/prebuilt/linux-x86_64/sysroot/usr/local/include -internal-isystem /root/Android/Sdk/ndk/22.0.7026061/toolchains/llvm/prebuilt/linux-x86_64/lib64/clang/11.0.5/include -internal-externc-isystem /root/Android/Sdk/ndk/22.0.7026061/toolchains/llvm/prebuilt/linux-x86_64/sysroot/usr/include/i686-linux-android -internal-externc-isystem /root/Android/Sdk/ndk/22.0.7026061/toolchains/llvm/prebuilt/linux-x86_64/sysroot/include -internal-externc-isystem /root/Android/Sdk/ndk/22.0.7026061/toolchains/llvm/prebuilt/linux-x86_64/sysroot/usr/include -Wformat -fdeprecated-macro -fdebug-compilation-dir /root/Hijacker/app/.cxx/cmake/debug/x86/CMakeFiles/CMakeTmp -ferror-limit 19 -stack-protector 2 -mstackrealign -fgnuc-version=4.2.1 -fcxx-exceptions -fexceptions -o CMakeFiles/cmTC_eff69.dir/CMakeCXXCompilerABI.cpp.o -x c++ /root/Android/Sdk/cmake/3.18.1/share/cmake-3.18/Modules/CMakeCXXCompilerABI.cpp]
  ignore line: [clang -cc1 version 11.0.5 based upon LLVM 11.0.5git default target x86_64-unknown-linux-gnu]
  ignore line: [ignoring nonexistent directory "/root/Android/Sdk/ndk/22.0.7026061/toolchains/llvm/prebuilt/linux-x86_64/sysroot/include"]
  ignore line: [#include "..." search starts here:]
  ignore line: [#include <...> search starts here:]
  ignore line: [ /root/Android/Sdk/ndk/22.0.7026061/toolchains/llvm/prebuilt/linux-x86_64/sysroot/usr/include/c++/v1]
  ignore line: [ /root/Android/Sdk/ndk/22.0.7026061/toolchains/llvm/prebuilt/linux-x86_64/sysroot/usr/local/include]
  ignore line: [ /root/Android/Sdk/ndk/22.0.7026061/toolchains/llvm/prebuilt/linux-x86_64/lib64/clang/11.0.5/include]
  ignore line: [ /root/Android/Sdk/ndk/22.0.7026061/toolchains/llvm/prebuilt/linux-x86_64/sysroot/usr/include/i686-linux-android]
  ignore line: [ /root/Android/Sdk/ndk/22.0.7026061/toolchains/llvm/prebuilt/linux-x86_64/sysroot/usr/include]
  ignore line: [End of search list.]
  ignore line: [[2/2] Linking CXX executable cmTC_eff69]
  ignore line: [Android (6875598  based on r399163b) clang version 11.0.5 (https://android.googlesource.com/toolchain/llvm-project 87f1315dfbea7c137aa2e6d362dbb457e388158d)]
  ignore line: [Target: i686-none-linux-android21]
  ignore line: [Thread model: posix]
  ignore line: [InstalledDir: /root/Android/Sdk/ndk/22.0.7026061/toolchains/llvm/prebuilt/linux-x86_64/bin]
  ignore line: [Found candidate GCC installation: /root/Android/Sdk/ndk/22.0.7026061/toolchains/llvm/prebuilt/linux-x86_64/lib/gcc/i686-linux-android/4.9.x]
  ignore line: [Found candidate GCC installation: /root/Android/Sdk/ndk/22.0.7026061/toolchains/llvm/prebuilt/linux-x86_64/lib/gcc/x86_64-linux-android/4.9.x]
  ignore line: [Selected GCC installation: /root/Android/Sdk/ndk/22.0.7026061/toolchains/llvm/prebuilt/linux-x86_64/lib/gcc/i686-linux-android/4.9.x]
  ignore line: [Candidate multilib: .]
  ignore line: [@m32]
  ignore line: [Selected multilib: .]
  ignore line: [@m32]
  link line: [ "/root/Android/Sdk/ndk/22.0.7026061/toolchains/llvm/prebuilt/linux-x86_64/bin/ld" --sysroot=/root/Android/Sdk/ndk/22.0.7026061/toolchains/llvm/prebuilt/linux-x86_64/sysroot -pie -z noexecstack --warn-shared-textrel -z now -z relro --hash-style=both --enable-new-dtags --eh-frame-hdr -m elf_i386 -dynamic-linker /system/bin/linker -o cmTC_eff69 /root/Android/Sdk/ndk/22.0.7026061/toolchains/llvm/prebuilt/linux-x86_64/sysroot/usr/lib/i686-linux-android/21/crtbegin_dynamic.o -L/root/Android/Sdk/ndk/22.0.7026061/toolchains/llvm/prebuilt/linux-x86_64/lib64/clang/11.0.5/lib/linux/i386 -L/root/Android/Sdk/ndk/22.0.7026061/toolchains/llvm/prebuilt/linux-x86_64/lib/gcc/i686-linux-android/4.9.x -L/root/Android/Sdk/ndk/22.0.7026061/toolchains/llvm/prebuilt/linux-x86_64/sysroot/usr/lib/i686-linux-android/21 -L/root/Android/Sdk/ndk/22.0.7026061/toolchains/llvm/prebuilt/linux-x86_64/sysroot/usr/lib/i686-linux-android -L/root/Android/Sdk/ndk/22.0.7026061/toolchains/llvm/prebuilt/linux-x86_64/lib/gcc/i686-linux-android/4.9.x/../../../../i686-linux-android/lib -L/root/Android/Sdk/ndk/22.0.7026061/toolchains/llvm/prebuilt/linux-x86_64/sysroot/usr/lib --exclude-libs libgcc.a --exclude-libs libgcc_real.a --exclude-libs libatomic.a --build-id=sha1 --no-rosegment --fatal-warnings --no-undefined --gc-sections CMakeFiles/cmTC_eff69.dir/CMakeCXXCompilerABI.cpp.o -Bstatic -lc++ -Bdynamic -lm -lgcc -ldl -lc -lgcc -ldl /root/Android/Sdk/ndk/22.0.7026061/toolchains/llvm/prebuilt/linux-x86_64/sysroot/usr/lib/i686-linux-android/21/crtend_android.o]
    arg [/root/Android/Sdk/ndk/22.0.7026061/toolchains/llvm/prebuilt/linux-x86_64/bin/ld] ==> ignore
    arg [--sysroot=/root/Android/Sdk/ndk/22.0.7026061/toolchains/llvm/prebuilt/linux-x86_64/sysroot] ==> ignore
    arg [-pie] ==> ignore
    arg [-znoexecstack] ==> ignore
    arg [--warn-shared-textrel] ==> ignore
    arg [-znow] ==> ignore
    arg [-zrelro] ==> ignore
    arg [--hash-style=both] ==> ignore
    arg [--enable-new-dtags] ==> ignore
    arg [--eh-frame-hdr] ==> ignore
    arg [-m] ==> ignore
    arg [elf_i386] ==> ignore
    arg [-dynamic-linker] ==> ignore
    arg [/system/bin/linker] ==> ignore
    arg [-o] ==> ignore
    arg [cmTC_eff69] ==> ignore
    arg [/root/Android/Sdk/ndk/22.0.7026061/toolchains/llvm/prebuilt/linux-x86_64/sysroot/usr/lib/i686-linux-android/21/crtbegin_dynamic.o] ==> ignore
    arg [-L/root/Android/Sdk/ndk/22.0.7026061/toolchains/llvm/prebuilt/linux-x86_64/lib64/clang/11.0.5/lib/linux/i386] ==> dir [/root/Android/Sdk/ndk/22.0.7026061/toolchains/llvm/prebuilt/linux-x86_64/lib64/clang/11.0.5/lib/linux/i386]
    arg [-L/root/Android/Sdk/ndk/22.0.7026061/toolchains/llvm/prebuilt/linux-x86_64/lib/gcc/i686-linux-android/4.9.x] ==> dir [/root/Android/Sdk/ndk/22.0.7026061/toolchains/llvm/prebuilt/linux-x86_64/lib/gcc/i686-linux-android/4.9.x]
    arg [-L/root/Android/Sdk/ndk/22.0.7026061/toolchains/llvm/prebuilt/linux-x86_64/sysroot/usr/lib/i686-linux-android/21] ==> dir [/root/Android/Sdk/ndk/22.0.7026061/toolchains/llvm/prebuilt/linux-x86_64/sysroot/usr/lib/i686-linux-android/21]
    arg [-L/root/Android/Sdk/ndk/22.0.7026061/toolchains/llvm/prebuilt/linux-x86_64/sysroot/usr/lib/i686-linux-android] ==> dir [/root/Android/Sdk/ndk/22.0.7026061/toolchains/llvm/prebuilt/linux-x86_64/sysroot/usr/lib/i686-linux-android]
    arg [-L/root/Android/Sdk/ndk/22.0.7026061/toolchains/llvm/prebuilt/linux-x86_64/lib/gcc/i686-linux-android/4.9.x/../../../../i686-linux-android/lib] ==> dir [/root/Android/Sdk/ndk/22.0.7026061/toolchains/llvm/prebuilt/linux-x86_64/lib/gcc/i686-linux-android/4.9.x/../../../../i686-linux-android/lib]
    arg [-L/root/Android/Sdk/ndk/22.0.7026061/toolchains/llvm/prebuilt/linux-x86_64/sysroot/usr/lib] ==> dir [/root/Android/Sdk/ndk/22.0.7026061/toolchains/llvm/prebuilt/linux-x86_64/sysroot/usr/lib]
    arg [--exclude-libs] ==> ignore
    arg [libgcc.a] ==> ignore
    arg [--exclude-libs] ==> ignore
    arg [libgcc_real.a] ==> ignore
    arg [--exclude-libs] ==> ignore
    arg [libatomic.a] ==> ignore
    arg [--build-id=sha1] ==> ignore
    arg [--no-rosegment] ==> ignore
    arg [--fatal-warnings] ==> ignore
    arg [--no-undefined] ==> ignore
    arg [--gc-sections] ==> ignore
    arg [CMakeFiles/cmTC_eff69.dir/CMakeCXXCompilerABI.cpp.o] ==> ignore
    arg [-Bstatic] ==> ignore
    arg [-lc++] ==> lib [c++]
    arg [-Bdynamic] ==> ignore
    arg [-lm] ==> lib [m]
    arg [-lgcc] ==> lib [gcc]
    arg [-ldl] ==> lib [dl]
    arg [-lc] ==> lib [c]
    arg [-lgcc] ==> lib [gcc]
    arg [-ldl] ==> lib [dl]
    arg [/root/Android/Sdk/ndk/22.0.7026061/toolchains/llvm/prebuilt/linux-x86_64/sysroot/usr/lib/i686-linux-android/21/crtend_android.o] ==> ignore
  collapse library dir [/root/Android/Sdk/ndk/22.0.7026061/toolchains/llvm/prebuilt/linux-x86_64/lib64/clang/11.0.5/lib/linux/i386] ==> [/root/Android/Sdk/ndk/22.0.7026061/toolchains/llvm/prebuilt/linux-x86_64/lib64/clang/11.0.5/lib/linux/i386]
  collapse library dir [/root/Android/Sdk/ndk/22.0.7026061/toolchains/llvm/prebuilt/linux-x86_64/lib/gcc/i686-linux-android/4.9.x] ==> [/root/Android/Sdk/ndk/22.0.7026061/toolchains/llvm/prebuilt/linux-x86_64/lib/gcc/i686-linux-android/4.9.x]
  collapse library dir [/root/Android/Sdk/ndk/22.0.7026061/toolchains/llvm/prebuilt/linux-x86_64/sysroot/usr/lib/i686-linux-android/21] ==> [/root/Android/Sdk/ndk/22.0.7026061/toolchains/llvm/prebuilt/linux-x86_64/sysroot/usr/lib/i686-linux-android/21]
  collapse library dir [/root/Android/Sdk/ndk/22.0.7026061/toolchains/llvm/prebuilt/linux-x86_64/sysroot/usr/lib/i686-linux-android] ==> [/root/Android/Sdk/ndk/22.0.7026061/toolchains/llvm/prebuilt/linux-x86_64/sysroot/usr/lib/i686-linux-android]
  collapse library dir [/root/Android/Sdk/ndk/22.0.7026061/toolchains/llvm/prebuilt/linux-x86_64/lib/gcc/i686-linux-android/4.9.x/../../../../i686-linux-android/lib] ==> [/root/Android/Sdk/ndk/22.0.7026061/toolchains/llvm/prebuilt/linux-x86_64/i686-linux-android/lib]
  collapse library dir [/root/Android/Sdk/ndk/22.0.7026061/toolchains/llvm/prebuilt/linux-x86_64/sysroot/usr/lib] ==> [/root/Android/Sdk/ndk/22.0.7026061/toolchains/llvm/prebuilt/linux-x86_64/sysroot/usr/lib]
  implicit libs: [c++;m;gcc;dl;c;gcc;dl]
  implicit dirs: [/root/Android/Sdk/ndk/22.0.7026061/toolchains/llvm/prebuilt/linux-x86_64/lib64/clang/11.0.5/lib/linux/i386;/root/Android/Sdk/ndk/22.0.7026061/toolchains/llvm/prebuilt/linux-x86_64/lib/gcc/i686-linux-android/4.9.x;/root/Android/Sdk/ndk/22.0.7026061/toolchains/llvm/prebuilt/linux-x86_64/sysroot/usr/lib/i686-linux-android/21;/root/Android/Sdk/ndk/22.0.7026061/toolchains/llvm/prebuilt/linux-x86_64/sysroot/usr/lib/i686-linux-android;/root/Android/Sdk/ndk/22.0.7026061/toolchains/llvm/prebuilt/linux-x86_64/i686-linux-android/lib;/root/Android/Sdk/ndk/22.0.7026061/toolchains/llvm/prebuilt/linux-x86_64/sysroot/usr/lib]
  implicit fwks: []


